4898
0 0 0 7
0 8 0 17
0 18 0 25
0 32 0 43
0 44 0 55
0 56 0 66
0 67 0 76
0 77 0 86
0 87 0 96
0 97 0 107
0 108 0 116
0 117 0 126
0 127 0 135
0 136 0 143
0 144 0 151
0 152 0 163
0 164 0 171
0 172 0 181
0 185 0 196
0 197 0 205
0 206 0 215
0 217 0 228
0 229 0 236
0 237 0 246
0 247 3 249
1 0 1 9
1 10 1 21
1 22 1 29
1 30 1 37
1 38 1 45
1 46 1 54
1 55 1 62
1 63 1 74
1 75 1 86
1 87 1 96
1 97 1 105
1 106 1 113
1 114 1 124
1 128 1 139
1 140 1 147
1 148 1 157
1 158 1 165
1 166 1 176
1 177 1 184
1 198 1 209
1 210 1 221
1 222 1 230
1 231 1 240
1 241 2 245
1 246 9 246
2 3 2 14
2 15 2 22
2 23 2 30
2 31 2 42
2 43 2 50
2 51 2 60
2 61 2 71
2 72 2 80
2 81 2 88
2 89 2 96
2 97 2 104
2 105 2 112
2 113 2 124
2 125 2 132
2 133 2 142
2 143 2 152
2 153 2 162
2 163 2 170
2 171 2 181
2 182 2 192
2 194 2 205
2 206 2 215
2 216 2 224
2 225 2 233
2 234 3 238
2 240 9 240
3 0 3 8
3 9 3 18
3 19 3 28
3 29 3 37
3 39 3 50
3 51 3 58
3 59 3 66
3 67 3 76
3 77 3 87
3 88 3 97
3 98 3 108
3 109 3 117
3 118 3 126
3 127 3 135
3 137 3 148
3 149 3 160
3 169 3 180
3 181 3 191
3 193 3 204
3 205 3 215
3 216 3 224
3 225 4 229
3 230 5 232
3 233 12 233
3 239 12 239
3 241 5 244
3 245 10 245
4 0 4 8
4 9 4 16
4 17 4 25
4 30 4 41
4 42 4 53
4 54 4 63
4 64 4 71
4 72 4 81
4 84 4 95
4 98 4 109
4 110 4 117
4 120 4 131
4 132 4 140
4 141 4 151
4 152 4 162
4 169 4 180
4 181 4 191
4 192 4 199
4 200 4 209
4 210 4 218
4 219 5 222
4 223 8 224
4 234 6 236
4 247 6 249
5 0 5 9
5 10 5 21
5 22 5 32
5 33 5 41
5 47 5 58
5 59 5 70
5 71 5 79
5 80 5 90
5 91 5 98
5 99 5 106
5 107 5 117
5 119 5 130
5 131 5 140
5 141 5 148
5 149 5 159
5 160 5 170
5 171 5 179
5 180 5 190
5 191 5 199
5 200 5 207
5 208 5 216
5 217 10 218
5 226 7 229
5 237 10 238
6 0 6 8
6 9 6 20
6 21 6 31
6 32 6 40
6 41 6 52
6 53 6 60
6 61 6 72
6 73 6 82
6 83 6 91
6 92 6 99
6 105 6 116
6 117 6 124
6 125 6 133
6 141 6 152
6 153 6 160
6 161 6 169
6 170 6 177
6 178 6 187
6 188 6 196
6 197 6 205
6 206 6 214
6 219 7 222
6 225 15 225
6 230 8 232
6 241 8 244
7 0 7 8
7 9 7 18
7 19 7 28
7 29 7 37
7 38 7 46
7 47 7 55
7 56 7 64
7 66 7 77
7 78 7 88
7 89 7 97
7 98 7 106
7 107 7 115
7 116 7 125
7 126 7 133
7 134 7 143
7 144 7 151
7 152 7 159
7 160 7 167
7 168 7 176
7 177 7 184
7 185 7 195
7 196 7 206
7 207 7 214
7 216 18 216
7 235 12 236
7 248 12 249
8 0 8 7
8 8 8 16
8 17 8 24
8 25 8 35
8 36 8 46
8 47 8 55
8 56 8 64
8 65 8 72
8 74 8 85
8 86 8 94
8 95 8 103
8 104 8 114
8 115 8 122
8 123 8 132
8 133 8 142
8 143 8 152
8 153 8 161
8 162 8 170
8 171 8 180
8 181 8 189
8 190 8 199
8 200 8 208
8 209 9 213
8 214 11 215
8 219 10 222
8 226 10 228
8 229 18 229
8 234 19 234
8 247 16 247
9 1 9 12
9 13 9 20
9 21 9 28
9 29 9 36
9 37 9 48
9 49 9 57
9 62 9 73
9 74 9 81
9 82 9 92
9 100 9 111
9 112 9 119
9 120 9 130
9 131 9 141
9 144 9 155
9 156 9 166
9 167 9 178
9 179 9 186
9 187 9 195
9 196 9 203
9 204 10 208
9 223 14 224
9 230 11 232
9 241 12 242
9 244 17 244
10 0 10 7
10 8 10 15
10 16 10 23
10 24 10 32
10 33 10 44
10 45 10 52
10 53 10 62
10 63 10 71
10 72 10 82
10 83 10 90
10 91 10 98
10 99 10 107
10 110 10 121
10 122 10 132
10 133 10 140
10 141 10 151
10 152 10 161
10 162 10 169
10 170 10 181
10 182 10 189
10 190 10 201
10 202 13 203
10 209 12 211
10 240 18 240
10 243 18 243
10 246 19 246
11 0 11 9
11 10 11 17
11 18 11 25
11 26 11 34
11 35 11 42
11 44 11 55
11 56 11 64
11 65 11 76
11 77 11 86
11 87 11 97
11 98 11 108
11 109 11 119
11 120 11 130
11 131 11 141
11 142 11 151
11 157 11 168
11 169 11 179
11 180 11 191
11 192 11 199
11 200 15 201
11 204 12 207
11 208 20 208
11 212 16 213
11 217 12 222
11 237 14 238
11 245 19 245
12 0 12 7
12 8 12 15
12 16 12 23
12 24 12 34
12 40 12 51
12 53 12 64
12 65 12 76
12 78 12 89
12 90 12 100
12 101 12 110
12 111 12 121
12 122 12 133
12 134 12 141
12 142 12 150
12 151 12 159
12 160 12 170
12 171 12 178
12 179 12 186
12 187 12 195
12 196 14 199
12 214 16 215
12 227 17 228
12 230 14 232
13 0 13 7
13 11 13 22
13 23 13 31
13 32 13 40
13 41 13 48
13 49 13 57
13 58 13 65
13 66 13 73
13 74 13 84
13 85 13 95
13 96 13 103
13 104 13 112
13 113 13 120
13 121 13 128
13 129 13 137
13 138 13 149
13 150 13 159
13 160 13 168
13 170 13 181
13 182 13 189
13 190 14 195
13 204 14 207
13 209 15 211
13 217 14 221
13 222 22 222
13 233 24 233
13 235 16 236
13 239 21 239
13 241 18 242
13 248 17 249
14 0 14 9
14 10 14 20
14 21 14 30
14 31 14 38
14 39 14 46
14 47 14 54
14 55 14 66
14 67 14 75
14 76 14 87
14 88 14 95
14 100 14 111
14 112 14 119
14 120 14 127
14 128 14 135
14 136 14 147
14 148 14 156
14 162 14 173
14 174 14 182
14 183 15 188
14 189 23 189
14 202 18 203
15 0 15 8
15 9 15 17
15 18 15 29
15 30 15 38
15 40 15 51
15 52 15 62
15 63 15 72
15 73 15 83
15 84 15 91
15 92 15 102
15 103 15 110
15 111 15 120
15 121 15 130
15 131 15 142
15 143 15 151
15 155 15 166
15 167 15 177
15 179 17 182
15 190 16 195
15 196 16 199
15 204 17 206
15 207 23 207
15 217 16 221
15 223 20 224
15 232 24 232
15 237 18 238
16 0 16 9
16 10 16 20
16 21 16 30
16 31 16 39
16 40 16 48
16 49 16 57
16 58 16 66
16 67 16 74
16 75 16 84
16 85 16 94
16 95 16 104
16 105 16 113
16 114 16 122
16 123 16 130
16 132 16 143
16 144 16 152
16 153 16 160
16 161 16 168
16 169 16 177
16 178 24 178
16 183 17 187
16 188 26 188
16 200 21 201
16 210 20 211
16 225 20 226
17 0 17 8
17 9 17 16
17 17 17 24
17 25 17 32
17 35 17 46
17 47 17 54
17 55 17 66
17 67 17 75
17 76 17 83
17 85 17 96
17 97 17 107
17 115 17 126
17 127 17 135
17 136 17 143
17 144 17 155
17 156 17 163
17 164 17 171
17 172 18 176
17 177 27 177
17 190 18 193
17 194 18 199
17 213 20 215
17 217 18 220
17 221 24 221
17 230 22 231
17 235 21 236
17 247 26 247
18 0 18 8
18 9 18 17
18 18 18 25
18 26 18 34
18 35 18 42
18 43 18 51
18 52 18 59
18 60 18 67
18 71 18 82
18 83 18 91
18 92 18 101
18 102 18 110
18 111 18 119
18 121 18 132
18 133 18 142
18 143 18 152
18 155 18 166
18 167 19 171
18 180 19 185
18 186 22 187
18 204 21 206
18 212 28 212
18 227 21 228
18 244 27 244
18 248 21 249
19 0 19 11
19 12 19 23
19 24 19 31
19 32 19 40
19 41 19 52
19 53 19 60
19 61 19 70
19 71 19 78
19 79 19 87
19 88 19 95
19 96 19 107
19 113 19 124
19 125 19 135
19 136 19 143
19 144 19 152
19 153 19 161
19 162 20 165
19 166 27 166
19 172 20 175
19 176 29 176
19 179 27 179
19 190 19 197
19 198 23 199
19 202 24 203
19 209 30 209
19 216 20 219
19 220 27 220
19 229 29 229
19 237 24 238
19 240 22 241
19 243 29 243
20 0 20 9
20 10 20 17
20 18 20 25
20 26 20 36
20 38 20 49
20 50 20 59
20 60 20 71
20 72 20 82
20 83 20 90
20 91 20 102
20 103 20 111
20 123 20 134
20 135 20 146
20 149 20 160
20 161 29 161
20 167 21 170
20 171 28 171
20 180 21 184
20 185 27 185
20 190 20 197
20 234 27 234
20 245 23 246
21 0 21 8
21 9 21 19
21 20 21 27
21 28 21 36
21 37 21 45
21 46 21 55
21 56 21 64
21 65 21 73
21 74 21 82
21 83 21 91
21 92 21 99
21 100 21 111
21 112 21 120
21 121 21 129
21 130 21 138
21 139 21 146
21 147 21 158
21 159 25 160
21 162 23 165
21 172 22 175
21 194 24 196
21 197 31 197
21 208 29 208
21 210 25 211
21 213 22 218
21 219 32 219
21 223 23 225
21 226 32 226
22 0 22 8
22 9 22 18
22 19 22 27
22 28 22 35
22 36 22 43
22 44 22 51
22 52 22 59
22 60 22 69
22 70 22 77
22 78 22 88
22 89 22 97
22 98 22 106
22 107 22 117
22 118 22 127
22 128 22 135
22 136 22 143
22 144 22 151
22 152 23 155
22 156 24 158
22 167 24 170
22 180 23 184
22 190 23 193
22 200 26 201
22 204 24 206
22 227 26 228
22 235 26 236
22 239 29 239
22 248 26 249
23 0 23 8
23 9 23 18
23 19 23 26
23 27 23 34
23 35 23 46
23 47 23 57
23 58 23 65
23 66 23 73
23 74 23 81
23 82 23 89
23 90 23 101
23 102 23 110
23 120 23 131
23 132 23 139
23 140 23 149
23 150 27 151
23 173 26 175
23 186 26 187
23 213 24 217
23 218 31 218
23 230 26 231
23 241 28 242
24 0 24 8
24 12 24 23
24 24 24 33
24 34 24 43
24 44 24 52
24 53 24 62
24 63 24 70
24 71 24 78
24 79 24 86
24 87 24 94
24 95 24 103
24 104 24 115
24 116 24 126
24 127 24 135
24 136 24 147
24 148 28 149
24 152 26 155
24 162 25 165
24 172 31 172
24 180 26 182
24 183 27 184
24 189 25 193
24 207 35 207
24 222 25 225
24 245 28 246
25 0 25 7
25 8 25 16
25 17 25 24
25 25 25 32
25 33 25 42
25 43 25 50
25 51 25 58
25 60 25 71
25 72 25 82
25 83 25 93
25 94 25 102
25 103 25 110
25 111 25 118
25 119 25 129
25 130 25 140
25 141 26 145
25 146 29 147
25 156 27 158
25 167 27 169
25 170 32 170
25 178 34 178
25 194 27 196
25 204 28 206
25 213 26 216
25 217 34 217
25 221 33 221
25 233 33 233
25 237 29 238
26 0 26 7
26 8 26 15
26 16 26 25
26 26 26 34
26 35 26 43
26 44 26 52
26 53 26 62
26 63 26 70
26 71 26 79
26 80 26 88
26 89 26 97
26 98 26 107
26 112 26 123
26 124 26 134
26 135 27 139
26 163 29 165
26 189 27 193
26 202 31 203
26 210 30 211
26 222 28 225
26 240 37 240
27 0 27 9
27 10 27 21
27 22 27 29
27 33 27 44
27 45 27 54
27 55 27 66
27 74 27 85
27 86 27 96
27 100 27 111
27 112 27 119
27 120 27 130
27 131 29 133
27 134 36 134
27 140 28 143
27 144 31 145
27 152 29 154
27 155 36 155
27 162 35 162
27 173 29 175
27 180 30 182
27 186 30 188
27 198 29 201
27 213 28 216
27 227 32 228
27 230 29 232
27 248 32 249
28 0 28 7
28 8 28 15
28 16 28 27
28 28 28 35
28 36 28 45
28 46 28 53
28 54 28 62
28 63 28 72
28 73 28 80
28 87 28 98
28 99 28 107
28 108 28 115
28 127 30 130
28 136 31 138
28 139 39 139
28 150 32 151
28 156 30 158
28 160 39 160
28 166 30 169
28 179 35 179
28 183 31 184
28 185 37 185
28 189 29 193
28 194 30 196
28 220 36 220
28 234 30 236
28 244 35 244
28 247 39 247
29 0 29 9
29 10 29 20
29 21 29 28
29 29 29 40
29 41 29 48
29 53 29 64
29 66 29 77
29 78 29 87
29 88 29 96
29 97 29 104
29 105 29 113
29 114 29 122
29 123 32 125
29 126 40 126
29 135 36 135
29 140 30 143
29 148 32 149
29 159 36 159
29 171 39 171
29 177 40 177
29 204 31 206
29 212 30 215
29 216 37 216
29 222 30 225
29 241 32 242
29 245 32 246
30 0 30 7
30 8 30 15
30 17 30 28
30 29 30 38
30 39 30 49
30 50 30 61
30 62 30 69
30 70 30 79
30 80 30 87
30 88 30 95
30 96 30 103
30 104 30 114
30 115 31 119
30 120 32 122
30 131 32 133
30 146 34 147
30 152 32 154
30 161 41 161
30 165 39 165
30 173 32 176
30 192 34 193
30 198 31 201
30 208 40 208
30 229 31 232
30 237 33 239
30 243 40 243
31 0 31 7
31 8 31 15
31 30 31 41
31 49 31 60
31 61 31 71
31 72 31 81
31 82 31 93
31 94 31 104
31 106 32 111
31 112 33 114
31 127 33 129
31 130 41 130
31 140 32 143
31 156 33 158
31 164 42 164
31 166 32 169
31 182 41 182
31 186 32 189
31 190 36 191
31 194 34 195
31 196 40 196
31 209 32 214
31 215 38 215
31 222 33 225
31 236 41 236
32 0 32 7
32 8 32 18
32 19 32 28
32 29 32 37
32 38 32 46
32 47 32 55
32 56 32 63
32 64 32 72
32 73 32 84
32 85 32 92
32 93 32 100
32 101 33 105
32 115 33 119
32 136 35 138
32 144 36 145
32 163 41 163
32 172 42 172
32 180 37 181
32 183 36 184
32 197 32 205
32 206 41 206
32 218 39 218
32 229 34 232
32 235 42 235
33 0 33 8
33 9 33 17
33 18 33 25
33 31 33 42
33 43 33 50
33 51 33 58
33 61 33 72
33 73 33 80
33 82 33 93
33 95 34 100
33 106 35 109
33 111 41 111
33 120 34 125
33 131 36 133
33 140 34 143
33 148 34 151
33 152 35 154
33 167 35 170
33 173 36 175
33 176 42 176
33 186 34 189
33 199 34 204
33 205 42 205
33 209 34 214
33 219 42 219
33 226 35 228
33 234 40 234
33 241 36 242
33 245 38 246
33 248 38 249
34 16 34 27
34 28 34 36
34 37 34 45
34 46 34 53
34 54 34 63
34 66 34 77
34 78 34 88
34 89 35 93
34 94 43 94
34 105 45 105
34 110 43 110
34 112 34 119
34 127 36 129
34 156 36 158
34 166 43 166
34 197 38 198
34 221 35 225
34 233 43 233
34 237 37 239
35 0 35 10
35 11 35 21
35 22 35 30
35 31 35 42
35 43 35 50
35 51 35 59
35 60 35 69
35 70 35 80
35 81 36 85
35 86 37 88
35 95 35 102
35 103 39 104
35 112 35 119
35 120 36 123
35 125 43 125
35 140 37 142
35 143 45 143
35 146 36 150
35 151 45 151
35 178 42 178
35 186 37 189
35 193 38 195
35 199 36 204
35 209 36 212
35 213 39 214
35 217 43 217
35 229 36 232
36 0 36 7
36 10 36 21
36 22 36 29
36 30 36 39
36 42 36 53
36 54 36 61
36 62 36 69
36 70 36 80
36 89 37 93
36 95 37 100
36 101 41 102
36 106 37 109
36 112 37 116
36 119 46 119
36 124 45 124
36 136 39 137
36 138 46 138
36 153 41 154
36 162 46 162
36 167 37 170
36 179 43 179
36 192 46 192
36 207 44 207
36 226 39 228
36 244 43 244
37 0 37 8
37 10 37 21
37 22 37 33
37 34 37 41
37 42 37 50
37 51 37 62
37 66 37 77
37 78 38 82
37 83 40 85
37 120 39 123
37 127 39 129
37 131 38 135
37 144 38 149
37 152 44 152
37 155 38 159
37 173 40 175
37 183 40 184
37 191 45 191
37 199 38 203
37 204 48 204
37 209 39 212
37 220 39 223
37 224 42 225
37 229 38 232
37 241 41 242
38 0 38 10
38 11 38 18
38 19 38 30
38 31 38 39
38 40 38 47
38 48 38 56
38 57 38 66
38 67 38 76
38 77 46 77
38 86 39 90
38 91 40 93
38 95 40 98
38 99 43 100
38 106 39 109
38 112 39 116
38 140 40 142
38 150 49 150
38 167 40 170
38 180 42 181
38 185 39 188
38 189 42 190
38 216 47 216
38 237 40 240
39 2 39 13
39 14 39 21
39 22 39 29
39 31 39 42
39 43 39 51
39 54 39 65
39 66 39 73
39 74 42 76
39 78 40 82
39 131 40 134
39 135 46 135
39 144 40 148
39 155 40 158
39 159 49 159
39 193 43 194
39 195 49 195
39 197 40 201
39 202 42 203
39 215 47 215
39 229 41 232
39 245 42 246
39 248 43 249
40 2 40 13
40 14 40 21
40 24 40 35
40 36 40 46
40 47 40 56
40 58 40 69
40 70 42 72
40 73 50 73
40 86 41 89
40 90 48 90
40 103 44 104
40 106 43 108
40 109 47 109
40 112 41 116
40 120 41 123
40 128 45 129
40 136 44 137
40 139 47 139
40 160 47 160
40 165 48 165
40 171 47 171
40 185 41 188
40 210 42 213
40 214 47 214
40 218 49 218
40 220 41 223
40 226 43 228
40 247 50 247
41 0 41 9
41 10 41 21
41 22 41 30
41 31 41 39
41 40 41 47
41 48 41 56
41 57 41 65
41 66 43 69
41 78 42 81
41 85 52 85
41 91 43 93
41 95 43 97
41 98 48 98
41 131 42 134
41 144 42 148
41 155 43 157
41 158 50 158
41 167 43 170
41 173 44 175
41 177 50 177
41 183 46 184
41 196 43 198
41 199 44 201
41 208 45 209
41 234 51 234
41 237 43 239
41 240 48 240
41 243 51 243
42 0 42 8
42 13 42 24
42 25 42 32
42 33 42 44
42 45 42 55
42 56 42 64
42 65 49 65
42 83 47 84
42 86 44 88
42 101 47 102
42 113 44 116
42 120 43 123
42 126 47 127
42 130 50 130
42 141 47 142
42 149 53 149
42 154 53 154
42 161 50 161
42 163 50 163
42 182 52 182
42 185 45 187
42 188 50 188
42 206 49 206
42 220 44 222
42 223 52 223
42 229 45 231
42 232 50 232
42 236 52 236
42 241 46 242
43 0 43 8
43 9 43 17
43 22 43 33
43 35 43 46
43 47 43 54
43 55 43 62
43 63 47 64
43 70 46 71
43 72 51 72
43 74 45 76
43 78 45 80
43 81 48 82
43 89 54 89
43 111 47 112
43 117 48 118
43 131 46 133
43 134 53 134
43 140 51 140
43 144 44 147
43 148 50 148
43 164 50 164
43 172 53 172
43 176 50 176
43 178 51 178
43 180 48 181
43 189 46 190
43 202 46 203
43 205 50 205
43 210 45 213
43 224 46 225
43 235 52 235
43 245 48 246
44 0 44 9
44 11 44 22
44 23 44 30
44 31 44 41
44 42 44 50
44 51 44 59
44 60 48 61
44 62 51 62
44 66 45 69
44 91 45 95
44 96 47 97
44 99 49 100
44 106 47 108
44 110 52 110
44 120 46 122
44 125 52 125
44 155 46 157
44 166 45 169
44 170 54 170
44 179 52 179
44 193 48 194
44 196 47 198
44 219 55 219
44 226 46 228
44 233 52 233
44 239 52 239
44 248 49 249
45 0 45 10
45 11 45 18
45 19 45 26
45 27 45 35
45 36 45 43
45 44 45 53
45 54 47 57
45 58 49 59
45 86 47 88
45 103 50 104
45 113 46 116
45 123 56 123
45 136 49 137
45 144 47 147
45 152 50 153
45 173 47 175
45 199 48 201
45 220 47 222
45 237 49 238
46 2 46 13
46 14 46 21
46 22 46 29
46 30 46 39
46 40 46 49
46 50 48 52
46 53 57 53
46 66 48 68
46 69 53 69
46 74 49 75
46 76 54 76
46 78 48 80
46 91 47 95
46 105 55 105
46 124 55 124
46 128 50 129
46 151 53 151
46 166 48 168
46 169 55 169
46 185 49 187
46 191 53 191
46 207 47 212
46 213 53 213
46 217 57 217
46 229 48 231
46 244 57 244
47 0 47 7
47 8 47 15
47 16 47 23
47 24 47 32
47 34 47 45
47 46 49 49
47 70 52 71
47 113 49 116
47 119 49 122
47 131 49 133
47 135 58 135
47 138 54 138
47 143 58 143
47 155 49 157
47 162 54 162
47 183 51 184
47 189 50 190
47 192 56 192
47 203 55 203
47 224 48 227
47 241 52 242
48 12 48 23
48 24 48 33
48 34 48 41
48 42 50 44
48 55 51 57
48 63 51 64
48 83 51 84
48 86 50 88
48 91 49 95
48 96 53 97
48 108 53 109
48 111 51 112
48 126 51 127
48 139 55 139
48 141 53 142
48 144 50 146
48 147 58 147
48 160 57 160
48 171 55 171
48 173 51 175
48 196 50 198
48 202 58 202
48 210 51 212
48 214 51 215
48 216 56 216
48 220 52 221
48 222 58 222
49 0 49 7
49 8 49 16
49 17 49 26
49 27 49 35
49 36 50 39
49 40 54 41
49 50 51 52
49 54 60 54
49 60 54 61
49 66 51 68
49 77 50 82
49 90 60 90
49 98 56 98
49 106 53 107
49 117 52 118
49 165 51 167
49 168 56 168
49 180 52 181
49 193 53 194
49 199 51 201
49 204 56 204
49 207 52 209
49 224 50 227
49 228 51 230
49 231 56 231
49 245 52 246
50 0 50 8
50 10 50 21
50 22 50 29
50 30 51 34
50 35 58 35
50 45 51 48
50 58 55 59
50 65 59 65
50 74 53 75
50 91 51 94
50 95 60 95
50 99 53 101
50 102 61 102
50 113 52 116
50 119 52 121
50 122 58 122
50 132 54 133
50 136 54 137
50 150 60 150
50 156 55 157
50 185 52 187
50 195 57 195
50 206 58 206
50 218 61 218
50 248 53 249
51 0 51 7
51 8 51 19
51 20 51 27
51 28 55 29
51 36 53 38
51 42 53 44
51 73 60 73
51 77 52 82
51 86 54 88
51 103 55 104
51 128 53 130
51 131 58 131
51 144 55 145
51 146 62 146
51 148 61 148
51 153 59 153
51 155 59 155
51 161 61 161
51 163 56 164
51 176 55 177
51 196 54 198
51 205 59 205
51 224 52 227
51 232 58 232
51 238 62 238
51 247 59 247
52 0 52 9
52 10 52 19
52 20 53 24
52 25 55 27
52 30 53 34
52 39 63 39
52 45 52 52
52 55 55 57
52 64 60 64
52 66 55 67
52 68 60 68
52 72 61 72
52 84 60 84
52 91 54 94
52 111 56 112
52 127 61 127
52 140 59 140
52 158 57 159
52 165 55 167
52 173 54 175
52 178 60 178
52 183 56 184
52 199 54 201
52 210 55 212
52 214 55 215
52 228 54 230
52 234 61 234
52 237 62 237
53 0 53 8
53 9 53 18
53 19 61 19
53 45 54 49
53 50 56 52
53 63 62 63
53 71 61 71
53 77 54 80
53 81 56 83
53 85 60 85
53 110 62 110
53 113 53 120
53 125 58 126
53 179 54 182
53 185 54 189
53 207 55 209
53 220 57 221
53 223 54 227
53 233 61 233
53 235 56 236
53 239 54 243
53 246 64 246
54 0 54 8
54 9 55 13
54 17 58 18
54 20 55 24
54 30 55 34
54 36 57 38
54 42 56 44
54 74 58 75
54 96 58 97
54 99 56 101
54 106 56 108
54 109 62 109
54 116 55 121
54 128 56 130
54 134 62 134
54 141 57 142
54 149 61 149
54 151 59 152
54 154 62 154
54 172 62 172
54 191 63 191
54 193 58 194
54 213 61 213
54 248 58 249
55 0 55 8
55 14 57 16
55 40 59 41
55 45 56 48
55 49 66 49
55 60 57 62
55 76 57 78
55 79 59 80
55 86 58 88
55 89 65 89
55 91 56 94
55 113 58 115
55 132 58 133
55 136 57 138
55 162 62 162
55 173 57 175
55 179 56 182
55 185 56 188
55 189 59 190
55 196 56 199
55 200 59 201
55 225 57 227
55 228 57 230
55 239 56 243
56 0 56 7
56 8 58 10
56 11 58 13
56 26 57 31
56 32 58 34
56 55 57 59
56 66 61 67
56 69 61 70
56 103 58 105
56 116 57 119
56 120 60 121
56 124 67 124
56 139 67 139
56 145 66 145
56 156 61 157
56 165 58 167
56 169 58 171
56 176 61 177
56 203 63 203
56 207 57 212
56 214 59 215
56 219 63 219
56 223 60 224
57 0 58 3
57 4 59 7
57 21 59 24
57 25 64 25
57 42 58 46
57 47 61 48
57 50 59 52
57 81 61 82
57 93 62 94
57 98 59 101
57 108 67 108
57 111 61 112
57 123 68 123
57 128 59 130
57 144 67 144
57 163 61 164
57 168 68 168
57 179 57 186
57 187 61 188
57 196 59 198
57 204 64 204
57 216 67 216
57 231 68 231
57 240 59 243
57 245 68 245
58 14 61 16
58 20 66 20
58 26 59 31
58 36 60 38
58 53 68 53
58 55 59 59
58 60 60 62
58 76 60 78
58 83 69 83
58 91 62 92
58 106 63 107
58 117 61 119
58 136 60 138
58 142 69 142
58 158 61 159
58 160 68 160
58 173 61 174
58 175 65 175
58 179 59 182
58 183 60 185
58 186 65 186
58 195 65 195
58 199 69 199
58 207 59 211
58 212 67 212
58 217 66 217
58 220 62 221
58 225 59 229
58 230 67 230
58 239 65 239
58 244 65 244
59 0 61 2
59 3 66 3
59 8 60 13
59 17 62 18
59 32 61 34
59 43 62 45
59 46 66 46
59 74 63 75
59 86 61 88
59 96 64 97
59 103 62 105
59 113 62 115
59 122 70 122
59 125 63 126
59 131 61 133
59 135 66 135
59 141 70 141
59 143 68 143
59 147 66 147
59 167 68 167
59 171 68 171
59 192 62 194
59 202 67 202
59 206 69 206
59 232 67 232
59 248 62 249
60 4 62 7
60 21 62 23
60 24 69 24
60 26 62 28
60 29 64 30
60 31 67 31
60 35 71 35
60 40 62 42
60 52 69 52
60 55 62 57
60 59 71 59
60 65 67 65
60 79 63 80
60 98 62 101
60 128 63 130
60 140 70 140
60 152 64 153
60 155 67 155
60 165 65 166
60 179 61 182
60 189 65 190
60 196 62 198
60 200 64 201
60 205 69 205
60 207 62 210
60 214 64 215
60 225 61 228
60 229 70 229
60 240 62 242
60 243 67 243
60 247 67 247
61 8 62 12
61 13 70 13
61 36 65 37
61 38 72 38
61 50 66 51
61 54 72 54
61 60 63 62
61 64 72 64
61 68 71 68
61 73 68 73
61 76 63 78
61 84 65 85
61 90 70 90
61 95 68 95
61 120 66 121
61 136 64 138
61 150 66 151
61 178 69 178
61 183 64 185
61 222 63 224
62 0 65 2
62 14 64 16
62 19 69 19
62 34 73 34
62 47 65 48
62 66 67 67
62 69 63 72
62 81 66 82
62 86 64 88
62 102 70 102
62 111 65 112
62 116 64 118
62 119 70 119
62 127 69 127
62 133 70 133
62 148 67 149
62 156 64 159
62 161 69 161
62 163 66 164
62 173 65 174
62 176 66 177
62 179 64 182
62 187 67 188
62 211 73 211
62 213 69 213
62 218 71 218
62 225 64 228
62 233 63 236
63 4 64 8
63 9 65 12
63 17 68 18
63 21 65 23
63 26 66 27
63 28 74 28
63 32 67 33
63 40 64 43
63 44 67 45
63 55 65 58
63 63 71 63
63 91 65 94
63 98 64 101
63 103 65 105
63 110 72 110
63 113 66 115
63 131 68 132
63 146 70 146
63 162 72 162
63 172 72 172
63 192 65 194
63 198 74 198
63 207 65 209
63 210 70 210
63 220 68 221
63 237 68 238
63 240 65 242
63 248 67 249
64 39 72 39
64 60 67 62
64 69 66 71
64 72 72 72
64 74 65 78
64 79 68 80
64 106 67 107
64 109 72 109
64 125 67 126
64 128 67 130
64 169 69 170
64 191 74 191
64 196 69 197
64 203 71 203
64 219 71 219
64 222 66 224
64 233 66 235
65 6 68 8
65 14 69 15
65 16 74 16
65 25 73 25
65 29 69 30
65 41 69 42
65 86 67 88
65 96 66 100
65 101 72 101
65 116 68 118
65 136 67 138
65 152 67 154
65 156 66 159
65 179 66 183
65 184 68 185
65 200 70 201
65 204 72 204
65 214 69 215
65 225 67 227
65 228 75 228
65 246 73 246
66 0 68 2
66 4 69 5
66 9 67 12
66 21 69 23
66 36 71 37
66 40 77 40
66 47 70 48
66 55 68 58
66 74 67 77
66 78 74 78
66 84 70 85
66 89 74 89
66 91 68 93
66 103 68 105
66 111 70 112
66 166 75 166
66 173 68 175
66 186 74 186
66 189 70 190
66 192 68 195
66 207 68 209
66 239 69 241
66 242 73 242
66 244 73 244
67 3 78 3
67 20 74 20
67 26 70 27
67 46 76 46
67 49 69 51
67 69 69 71
67 81 70 82
67 99 72 100
67 113 70 114
67 115 76 115
67 120 70 121
67 134 71 135
67 145 74 145
67 147 74 147
67 150 72 151
67 156 69 159
67 163 71 164
67 165 78 165
67 176 70 177
67 179 68 183
67 217 77 217
67 224 78 224
67 233 70 235
67 236 78 236
68 9 71 11
68 12 76 12
68 31 70 33
68 43 71 45
68 60 70 62
68 65 70 67
68 74 70 77
68 86 70 88
68 94 79 94
68 96 71 98
68 106 71 107
68 125 72 126
68 128 71 130
68 136 71 138
68 139 75 139
68 144 77 144
68 148 72 149
68 152 70 154
68 187 72 188
68 202 77 202
68 212 76 212
68 216 78 216
68 223 79 223
68 225 70 227
68 230 76 230
68 232 77 232
68 243 76 243
68 247 71 249
69 0 71 2
69 6 72 8
69 17 73 18
69 53 78 53
69 55 71 58
69 79 74 80
69 91 71 93
69 95 78 95
69 105 79 105
69 116 71 118
69 123 72 124
69 131 73 132
69 143 77 143
69 160 80 160
69 167 74 168
69 171 80 171
69 173 71 175
69 179 70 183
69 184 73 185
69 192 71 195
69 207 72 208
69 209 78 209
69 220 71 222
69 231 78 231
69 237 73 238
69 245 78 245
70 4 74 5
70 14 74 15
70 21 73 23
70 24 79 24
70 30 81 30
70 41 74 42
70 49 72 51
70 52 80 52
70 71 77 71
70 73 81 73
70 83 78 83
70 104 81 104
70 127 77 127
70 142 78 142
70 157 74 158
70 159 79 159
70 161 77 161
70 169 74 170
70 178 79 178
70 196 75 197
70 205 73 206
70 213 72 215
70 239 72 241
71 13 82 13
71 31 74 33
71 47 76 48
71 60 73 62
71 65 73 67
71 74 72 77
71 81 76 82
71 84 72 88
71 90 80 90
71 102 74 103
71 111 73 114
71 120 74 122
71 133 82 133
71 140 74 141
71 156 80 156
71 176 74 177
71 179 73 181
71 183 78 183
71 190 81 190
71 210 81 210
71 226 75 227
71 229 79 229
71 233 74 235
72 0 74 2
72 9 74 11
72 29 83 29
72 35 74 37
72 43 75 45
72 55 73 59
72 63 83 63
72 68 76 69
72 91 74 93
72 96 75 98
72 106 74 108
72 116 74 118
72 128 75 130
72 134 73 138
72 146 83 146
72 152 74 154
72 163 77 164
72 173 75 175
72 189 82 189
72 192 73 195
72 199 76 200
72 203 79 203
72 218 73 222
72 225 80 225
72 247 74 249
73 6 76 8
73 39 83 39
73 49 75 51
73 54 80 54
73 64 80 64
73 72 84 72
73 74 74 77
73 84 75 87
73 88 82 88
73 100 77 101
73 109 77 110
73 123 74 126
73 148 75 151
73 162 83 162
73 172 80 172
73 187 77 188
73 204 82 204
73 207 77 208
73 213 76 215
74 17 76 19
74 21 76 23
74 25 77 26
74 27 85 27
74 34 81 34
74 55 75 58
74 59 75 62
74 65 76 67
74 99 83 99
74 111 77 113
74 114 81 114
74 131 78 132
74 134 75 137
74 138 85 138
74 179 76 182
74 184 79 185
74 192 75 195
74 201 85 201
74 205 78 206
74 211 84 211
74 218 75 222
74 237 75 242
74 244 83 244
74 246 82 246
75 0 78 1
75 4 78 5
75 9 78 10
75 11 82 11
75 14 77 16
75 28 84 28
75 31 77 33
75 35 77 37
75 38 86 38
75 41 80 42
75 74 76 78
75 79 79 80
75 89 82 89
75 91 77 93
75 102 79 103
75 106 78 108
75 116 75 124
75 125 78 126
75 140 79 141
75 145 82 145
75 147 82 147
75 153 79 154
75 157 80 158
75 167 77 169
75 170 83 170
75 176 79 177
75 191 83 191
75 198 84 198
75 233 77 235
75 247 78 248
75 249 82 249
76 2 87 2
76 43 78 45
76 49 78 51
76 55 77 60
76 61 80 62
76 84 79 86
76 96 78 98
76 116 77 119
76 123 81 124
76 129 80 130
76 134 78 136
76 137 84 137
76 148 77 151
76 152 84 152
76 155 87 155
76 166 83 166
76 173 78 175
76 192 77 197
76 218 77 221
76 222 86 222
76 227 80 228
76 237 77 242
77 6 79 8
77 17 78 21
77 22 81 23
77 46 80 48
77 65 78 70
77 74 78 77
77 78 84 78
77 81 80 82
77 115 85 115
77 122 87 122
77 128 86 128
77 139 88 139
77 179 78 182
77 200 87 200
77 215 86 215
77 226 86 226
77 230 88 230
78 14 80 16
78 25 81 26
78 31 80 33
78 35 80 37
78 40 86 40
78 55 79 58
78 59 82 60
78 71 85 71
78 91 80 93
78 101 87 101
78 109 79 112
78 116 79 120
78 121 87 121
78 127 86 127
78 144 88 144
78 148 81 150
78 163 82 164
78 167 81 168
78 169 87 169
78 186 80 188
78 197 86 197
78 199 89 199
78 202 88 202
78 207 82 208
78 212 81 214
78 217 79 221
78 232 80 235
78 237 79 241
79 3 81 5
79 9 83 10
79 17 80 20
79 21 86 21
79 43 81 45
79 49 81 51
79 53 86 53
79 65 80 68
79 69 84 70
79 74 80 77
79 83 90 83
79 87 90 87
79 95 80 98
79 100 90 100
79 106 83 107
79 108 86 108
79 126 86 126
79 131 83 132
79 134 82 136
79 142 83 143
79 151 90 151
79 161 90 161
79 165 88 165
79 174 83 175
79 183 86 183
79 192 81 194
79 205 83 206
79 209 87 209
79 216 86 216
79 224 88 224
79 231 86 231
79 236 86 236
79 245 87 245
79 247 84 248
80 0 85 1
80 6 83 7
80 8 90 8
80 24 88 24
80 55 81 58
80 79 84 80
80 84 83 85
80 94 88 94
80 102 84 103
80 105 91 105
80 109 81 112
80 113 91 113
80 116 81 119
80 125 87 125
80 141 90 141
80 153 84 154
80 159 90 159
80 173 87 173
80 176 81 180
80 181 85 182
80 203 88 203
80 217 82 219
80 221 91 221
80 223 88 223
80 229 88 229
80 238 81 243
81 14 82 18
81 19 85 20
81 33 90 33
81 35 84 36
81 37 89 37
81 41 85 42
81 46 83 48
81 52 90 52
81 54 90 54
81 62 91 62
81 64 82 68
81 74 83 77
81 81 85 82
81 86 92 86
81 90 83 93
81 95 83 97
81 98 90 98
81 129 84 130
81 140 89 140
81 156 84 158
81 171 86 172
81 187 85 188
81 220 88 220
81 225 90 225
81 227 85 228
81 232 83 235
81 237 88 237
82 3 84 5
82 22 85 23
82 25 86 26
82 30 85 31
82 34 91 34
82 49 84 51
82 55 83 58
82 61 92 61
82 73 92 73
82 104 89 104
82 110 85 112
82 114 90 114
82 123 85 124
82 149 87 150
82 167 86 168
82 176 83 179
82 180 90 180
82 186 90 186
82 190 89 190
82 192 83 196
82 210 89 210
82 212 84 214
82 238 83 241
82 242 87 243
83 11 83 18
83 43 87 44
83 59 88 60
83 64 85 66
83 88 86 89
83 109 90 109
83 117 86 119
83 133 85 135
83 136 90 136
83 145 90 145
83 147 87 148
83 163 88 164
83 184 88 185
83 189 94 189
83 207 86 208
83 217 85 219
84 6 87 7
84 9 84 17
84 18 94 18
84 29 92 29
84 39 95 39
84 45 85 48
84 55 86 58
84 63 92 63
84 77 94 77
84 84 89 85
84 90 85 93
84 95 87 97
84 106 87 107
84 116 94 116
84 131 89 132
84 143 94 143
84 146 95 146
84 160 95 160
84 162 92 162
84 166 91 166
84 170 95 170
84 174 85 178
84 179 92 179
84 191 85 194
84 204 87 205
84 206 92 206
84 232 86 235
84 238 85 241
84 244 91 244
85 3 88 4
85 5 92 5
85 9 86 13
85 14 86 17
85 28 94 28
85 35 89 36
85 49 87 51
85 67 87 69
85 70 92 70
85 72 94 72
85 74 88 76
85 78 88 79
85 80 94 80
85 99 96 99
85 102 89 103
85 120 96 120
85 129 88 130
85 137 92 137
85 142 92 142
85 152 87 154
85 156 87 158
85 211 86 214
85 246 87 248
86 0 91 1
86 19 91 20
86 22 89 23
86 27 93 27
86 30 90 31
86 41 90 42
86 45 88 48
86 64 88 66
86 71 94 71
86 81 90 82
86 90 87 93
86 110 88 112
86 115 93 115
86 123 90 124
86 133 89 134
86 135 97 135
86 138 97 138
86 174 88 176
86 177 90 178
86 181 90 182
86 187 91 188
86 191 87 195
86 198 97 198
86 201 97 201
86 217 88 219
86 227 89 228
86 238 88 240
86 241 96 241
86 249 97 249
87 9 88 12
87 13 88 16
87 21 94 21
87 25 91 26
87 32 98 32
87 40 94 40
87 53 96 53
87 55 89 58
87 88 90 89
87 108 97 108
87 117 89 119
87 126 89 128
87 167 90 168
87 171 91 172
87 196 92 197
87 208 96 208
87 211 88 214
87 216 97 216
87 222 97 222
87 226 95 226
87 231 89 233
87 234 90 236
88 2 96 2
88 6 93 7
88 17 99 17
88 49 91 51
88 69 98 69
88 90 90 93
88 95 90 97
88 106 91 107
88 121 91 122
88 125 99 125
88 147 91 149
88 150 98 150
88 152 89 156
88 157 93 158
88 169 95 169
88 173 95 173
88 183 99 183
88 194 93 195
88 200 95 200
88 204 91 205
88 207 99 207
88 209 99 209
88 242 92 243
88 245 89 248
89 3 94 4
89 15 93 16
89 24 100 24
89 44 91 47
89 48 99 48
89 59 92 60
89 64 90 67
89 74 91 76
89 78 92 79
89 110 92 112
89 129 92 130
89 139 98 139
89 144 97 144
89 163 91 165
89 174 92 176
89 184 94 185
89 192 94 193
89 202 93 203
89 211 90 215
89 217 90 220
89 223 94 224
89 229 93 230
89 237 91 239
89 240 97 240
90 9 91 12
90 14 99 14
90 22 93 23
90 35 91 38
90 55 91 58
90 68 101 68
90 84 94 85
90 101 91 104
90 117 92 119
90 126 92 128
90 131 91 134
90 140 100 140
90 153 92 156
90 190 94 191
90 199 101 199
90 210 97 210
90 227 95 228
90 232 95 233
90 245 91 248
91 8 98 8
91 13 99 13
91 31 99 31
91 33 98 33
91 41 94 43
91 52 99 52
91 54 98 54
91 64 93 66
91 81 94 83
91 87 91 96
91 97 94 98
91 100 102 100
91 109 98 109
91 123 94 124
91 136 100 136
91 141 98 141
91 145 98 145
91 151 96 152
91 159 99 159
91 161 99 161
91 168 99 168
91 177 95 178
91 180 93 182
91 186 98 186
91 211 92 215
91 217 93 219
91 225 99 225
91 231 102 231
91 234 94 236
92 1 100 1
92 9 94 11
92 12 99 12
92 19 96 20
92 25 95 26
92 30 100 30
92 34 93 37
92 38 103 38
92 44 93 47
92 49 94 51
92 55 93 58
92 62 101 62
92 74 94 76
92 87 92 94
92 95 97 96
92 102 93 107
92 113 96 114
92 121 96 122
92 131 94 133
92 134 102 134
92 147 94 149
92 163 93 166
92 167 101 167
92 171 96 172
92 188 99 188
92 205 101 205
92 221 99 221
92 237 94 239
92 244 94 247
92 248 99 248
93 5 101 5
93 29 102 29
93 59 95 61
93 63 101 63
93 67 104 67
93 70 103 70
93 73 101 73
93 79 103 79
93 86 94 90
93 91 96 92
93 93 98 94
93 101 103 101
93 110 96 112
93 117 95 119
93 126 94 130
93 137 101 137
93 142 102 142
93 153 94 156
93 162 101 162
93 174 95 176
93 179 103 179
93 187 102 187
93 196 97 197
93 204 101 204
93 206 100 206
93 211 94 215
93 242 96 243
94 6 99 7
94 15 99 16
94 22 97 23
94 27 102 27
94 34 97 36
94 37 101 37
94 44 95 47
94 55 95 58
94 64 96 66
94 78 101 78
94 102 95 105
94 106 97 107
94 115 103 115
94 163 96 165
94 166 104 166
94 180 96 182
94 194 98 195
94 203 104 203
94 217 97 219
94 220 105 220
94 229 99 230
95 3 98 4
95 9 97 11
95 41 98 43
95 49 98 50
95 51 104 51
95 71 98 72
95 74 96 77
95 80 95 88
95 89 99 90
95 97 98 98
95 116 105 116
95 123 100 124
95 126 96 130
95 131 99 132
95 143 103 143
95 147 97 149
95 153 96 156
95 158 106 158
95 185 106 185
95 189 96 193
95 202 103 202
95 211 96 215
95 234 96 238
95 239 105 239
95 244 97 246
95 247 105 247
96 25 99 26
96 39 100 40
96 44 98 47
96 55 97 59
96 60 99 61
96 80 96 88
96 102 97 105
96 117 100 118
96 119 107 119
96 146 105 146
96 157 106 157
96 160 104 160
96 169 99 170
96 173 97 178
96 200 105 200
96 224 107 224
96 226 98 228
96 232 100 233
97 2 107 2
97 18 99 20
97 53 104 53
97 64 99 66
97 74 99 77
97 80 98 84
97 85 99 88
97 91 101 92
97 110 99 113
97 120 99 122
97 126 99 129
97 130 106 130
97 151 98 154
97 155 101 156
97 163 100 164
97 165 104 165
97 171 101 172
97 181 102 182
97 184 108 184
97 189 99 191
97 192 101 193
97 208 105 208
97 211 98 215
97 234 98 238
97 241 99 243
98 9 101 11
98 21 100 23
98 35 102 36
98 55 99 58
98 59 107 59
98 95 101 96
98 102 99 105
98 106 100 108
98 135 105 135
98 138 106 138
98 144 107 144
98 147 100 149
98 173 99 176
98 177 102 178
98 196 101 198
98 201 107 201
98 216 100 218
98 219 108 219
98 223 109 223
98 240 108 240
98 244 100 246
99 3 103 4
99 8 107 8
99 32 102 34
99 41 100 46
99 49 102 50
99 54 109 54
99 69 108 69
99 72 108 72
99 80 100 83
99 84 109 84
99 93 103 94
99 97 102 99
99 109 109 109
99 133 110 133
99 141 106 141
99 145 108 145
99 150 100 154
99 180 110 180
99 186 108 186
99 194 102 195
99 210 101 213
99 214 103 215
99 222 110 222
99 226 102 227
99 228 106 228
99 234 101 236
99 237 103 238
100 0 111 0
100 6 103 7
100 12 100 20
100 25 105 26
100 28 111 28
100 31 107 31
100 47 104 48
100 52 108 52
100 55 102 58
100 60 104 61
100 64 102 66
100 71 108 71
100 74 102 77
100 85 101 89
100 104 104 105
100 110 102 113
100 120 102 122
100 125 101 129
100 131 104 132
100 161 109 161
100 168 103 170
100 173 101 176
100 188 102 191
100 207 107 207
100 209 107 209
100 225 108 225
100 229 103 230
100 241 102 243
100 248 103 249
101 1 109 1
101 12 101 22
101 23 105 24
101 30 108 30
101 39 102 42
101 43 103 46
101 80 103 82
101 83 110 83
101 102 106 103
101 106 104 108
101 114 112 114
101 123 105 124
101 139 106 140
101 151 103 154
101 164 112 164
101 183 112 183
101 216 104 217
101 218 110 218
101 232 104 233
101 244 103 246
102 5 109 5
102 9 102 17
102 18 103 22
102 37 110 37
102 62 105 63
102 68 111 68
102 73 110 73
102 78 109 78
102 85 103 89
102 90 105 92
102 95 105 96
102 128 107 129
102 136 106 137
102 147 104 149
102 150 110 150
102 155 106 156
102 162 107 163
102 167 112 167
102 171 103 175
102 176 110 176
102 192 107 193
102 196 104 199
102 204 106 205
102 206 113 206
102 210 103 213
102 221 113 221
102 234 104 236
103 9 104 14
103 15 106 16
103 17 112 17
103 27 110 27
103 32 104 35
103 39 105 41
103 42 113 42
103 49 106 50
103 55 105 57
103 58 112 58
103 64 106 66
103 74 105 77
103 97 105 100
103 110 105 112
103 113 113 113
103 120 106 122
103 125 105 127
103 134 112 134
103 142 113 142
103 177 106 178
103 181 107 182
103 187 104 190
103 191 110 191
103 194 108 195
103 226 106 227
103 241 106 243
104 3 108 4
104 6 108 7
104 18 105 21
104 22 112 22
104 36 115 36
104 38 113 38
104 43 106 45
104 46 111 46
104 79 106 82
104 85 105 89
104 93 107 94
104 101 112 101
104 115 112 115
104 143 115 143
104 151 106 153
104 154 112 154
104 179 114 179
104 202 111 202
104 210 105 214
104 215 111 215
104 230 108 231
104 237 107 238
104 244 106 246
105 9 106 12
105 13 109 14
105 32 106 35
105 47 109 48
105 53 112 53
105 60 109 61
105 104 106 107
105 108 116 108
105 131 108 132
105 148 110 149
105 160 115 160
105 165 108 166
105 172 108 174
105 187 106 190
105 196 106 199
105 203 112 203
105 216 109 217
105 229 113 229
105 232 106 235
105 236 112 236
106 18 109 20
106 21 113 21
106 23 107 26
106 39 109 41
106 51 117 51
106 55 108 57
106 62 110 63
106 67 117 67
106 74 108 76
106 77 113 77
106 85 107 90
106 91 110 92
106 95 107 98
106 99 110 100
106 110 108 112
106 123 107 126
106 127 114 127
106 135 116 135
106 146 109 147
106 168 108 170
106 171 117 171
106 200 115 200
106 208 116 208
106 210 107 214
106 220 113 220
106 239 114 239
107 9 109 12
107 15 112 16
107 32 109 35
107 43 109 45
107 49 110 50
107 65 112 66
107 79 109 82
107 102 108 106
107 107 116 107
107 116 111 117
107 118 118 118
107 120 109 122
107 130 114 130
107 136 108 141
107 151 109 153
107 155 108 158
107 177 112 178
107 185 115 185
107 187 109 189
107 190 117 190
107 196 108 199
107 204 110 205
107 226 109 228
107 232 109 235
107 241 107 248
108 2 116 2
108 23 109 26
108 31 115 31
108 59 116 59
108 64 115 64
108 85 109 89
108 93 109 96
108 97 112 98
108 119 115 119
108 123 111 125
108 129 117 129
108 144 117 144
108 159 119 159
108 162 113 163
108 175 119 175
108 181 113 182
108 192 112 193
108 201 118 201
108 207 116 207
108 209 109 214
108 224 117 224
108 241 109 246
108 248 113 249
109 3 114 4
109 6 112 7
109 8 120 8
109 30 118 30
109 52 116 52
109 69 111 71
109 72 116 72
109 74 112 76
109 102 111 105
109 106 118 106
109 110 111 112
109 131 113 132
109 136 110 139
109 140 114 141
109 155 111 158
109 165 114 166
109 168 111 170
109 172 112 174
109 184 118 184
109 186 117 186
109 194 110 199
109 219 120 219
109 225 118 225
109 231 117 231
109 238 120 238
109 240 117 240
109 247 116 247
110 1 117 1
110 5 117 5
110 9 111 14
110 18 113 19
110 20 120 20
110 23 111 26
110 29 121 29
110 32 112 35
110 40 114 41
110 43 112 45
110 47 114 48
110 54 113 56
110 57 121 57
110 60 113 61
110 78 111 82
110 84 111 89
110 93 111 96
110 120 112 122
110 128 121 128
110 145 113 146
110 147 118 147
110 151 112 153
110 161 118 161
110 187 112 189
110 209 111 214
110 216 114 217
110 223 118 223
110 226 113 228
110 230 118 230
110 232 112 235
110 237 118 237
110 241 111 246
111 27 118 27
111 37 119 37
111 39 120 39
111 50 120 50
111 62 116 63
111 83 118 83
111 90 114 92
111 99 114 100
111 126 122 126
111 133 121 133
111 136 112 139
111 176 118 176
111 180 119 180
111 191 118 191
111 194 112 197
111 198 114 199
111 204 115 205
111 218 122 218
111 222 119 222
112 0 120 0
112 9 113 14
112 23 113 26
112 46 121 46
112 49 121 49
112 68 114 71
112 78 113 82
112 84 113 89
112 93 114 96
112 102 114 104
112 105 119 105
112 109 115 111
112 112 120 112
112 117 122 117
112 123 114 125
112 148 115 150
112 155 114 157
112 158 120 158
112 168 115 169
112 170 119 170
112 202 122 202
112 209 113 212
112 213 114 215
112 241 113 246
113 6 116 7
113 15 115 17
113 22 121 22
113 32 115 34
113 35 120 35
113 43 116 45
113 53 123 53
113 58 123 58
113 65 118 66
113 73 115 75
113 76 120 76
113 97 118 98
113 101 120 101
113 114 116 115
113 120 115 122
113 134 122 134
113 136 115 139
113 151 115 154
113 164 122 164
113 167 123 167
113 172 115 174
113 177 118 178
113 183 121 183
113 187 117 188
113 189 123 189
113 195 116 197
113 203 121 203
113 233 116 235
113 236 121 236
114 9 115 12
114 13 119 14
114 18 118 19
114 21 123 21
114 23 116 26
114 28 125 28
114 38 121 38
114 42 122 42
114 54 117 56
114 60 117 61
114 80 117 82
114 84 115 88
114 89 124 89
114 113 123 113
114 131 117 132
114 145 119 146
114 162 118 163
114 181 118 182
114 192 117 194
114 206 123 206
114 209 115 212
114 220 118 221
114 226 116 229
114 232 121 232
114 241 115 244
114 245 118 246
114 248 119 249
115 3 119 4
115 40 118 41
115 47 118 48
115 68 117 71
115 77 118 79
115 90 116 94
115 95 119 96
115 99 119 100
115 102 117 104
115 116 126 116
115 123 117 125
115 127 123 127
115 130 125 130
115 140 117 142
115 155 118 156
115 157 122 157
115 165 119 166
115 179 125 179
115 198 118 199
115 217 124 217
115 239 124 239
116 9 117 12
116 16 121 17
116 31 118 33
116 34 123 34
116 36 124 36
116 64 127 64
116 73 118 75
116 84 117 88
116 109 119 111
116 119 118 121
116 136 117 139
116 143 125 143
116 148 117 151
116 152 119 154
116 160 123 160
116 172 119 173
116 174 126 174
116 185 123 185
116 200 126 200
116 204 120 205
116 209 117 213
116 214 119 216
116 242 119 244
117 2 124 2
117 6 120 7
117 15 128 15
117 23 120 25
117 26 125 26
117 43 119 45
117 52 126 52
117 62 120 63
117 72 124 72
117 90 118 94
117 107 120 108
117 114 122 115
117 135 124 135
117 168 122 169
117 195 120 197
117 207 120 208
117 226 119 229
117 233 119 235
117 241 124 241
117 247 125 247
118 5 126 5
118 9 121 11
118 51 127 51
118 54 120 56
118 59 121 61
118 67 120 70
118 80 121 81
118 82 128 82
118 84 119 88
118 102 120 104
118 122 119 125
118 129 126 129
118 131 121 132
118 136 119 141
118 144 125 144
118 148 121 150
118 151 129 151
118 171 128 171
118 186 120 188
118 190 128 190
118 192 120 194
118 209 119 212
118 213 125 213
118 224 125 224
118 231 127 231
119 1 130 1
119 18 122 19
119 27 129 27
119 30 121 33
119 41 129 41
119 47 124 48
119 65 124 66
119 71 130 71
119 74 123 75
119 77 122 78
119 79 129 79
119 83 126 83
119 90 120 93
119 94 126 94
119 97 123 98
119 106 126 106
119 118 121 120
119 147 126 147
119 155 122 156
119 161 121 163
119 178 129 178
119 181 123 182
119 191 127 191
119 198 122 199
119 201 126 201
119 221 126 221
119 223 127 223
119 225 127 225
119 230 127 230
119 237 129 237
119 245 123 246
120 3 125 4
120 12 122 14
120 37 128 37
120 40 128 40
120 43 122 45
120 84 121 87
120 88 127 88
120 95 124 96
120 99 125 100
120 111 131 111
120 121 121 125
120 136 121 139
120 140 122 142
120 145 124 146
120 152 122 154
120 159 128 159
120 165 124 166
120 172 123 173
120 175 122 177
120 180 130 180
120 209 121 212
120 214 123 216
120 220 129 220
120 222 131 222
120 226 121 229
120 234 124 235
120 242 122 244
120 248 123 249
121 0 128 0
121 6 124 7
121 8 132 8
121 20 129 20
121 24 126 25
121 35 128 35
121 39 129 39
121 50 128 50
121 54 124 56
121 63 130 63
121 67 123 70
121 76 129 76
121 90 123 93
121 101 122 104
121 105 132 105
121 107 122 110
121 112 130 112
121 158 128 158
121 170 132 170
121 186 124 188
121 192 122 196
121 204 126 205
121 207 126 208
121 219 132 219
121 233 131 233
121 238 130 238
121 240 132 240
122 9 124 11
122 29 123 33
122 38 131 38
122 46 129 46
122 49 129 49
122 57 130 57
122 59 124 61
122 62 129 62
122 80 126 81
122 84 124 86
122 87 129 87
122 118 123 122
122 123 125 125
122 131 124 133
122 136 124 139
122 148 124 150
122 161 124 163
122 183 125 184
122 203 130 203
122 209 125 211
122 212 129 212
122 226 123 229
122 232 130 232
123 12 125 14
123 16 124 19
123 23 134 23
123 42 124 45
123 73 134 73
123 78 134 78
123 101 124 104
123 107 124 110
123 115 131 115
123 117 132 117
123 126 130 126
123 134 130 134
123 140 126 142
123 152 124 157
123 164 132 164
123 168 128 169
123 175 126 177
123 192 124 195
123 198 127 199
123 202 133 202
123 218 130 218
123 236 134 236
123 242 126 244
124 22 135 22
124 29 125 33
124 34 135 34
124 53 134 53
124 58 134 58
124 67 126 69
124 70 133 70
124 74 129 75
124 92 128 93
124 97 129 98
124 113 128 114
124 118 126 121
124 122 131 122
124 128 135 128
124 160 131 160
124 167 131 167
124 172 127 173
124 181 129 182
124 185 135 185
124 189 131 189
124 196 128 197
124 206 131 206
124 214 126 216
124 226 126 229
124 245 128 246
124 248 128 249
125 2 132 2
125 7 133 7
125 9 128 11
125 16 127 19
125 21 134 21
125 36 136 36
125 42 127 44
125 45 133 45
125 47 128 48
125 54 128 56
125 59 128 60
125 61 135 61
125 65 129 66
125 72 135 72
125 84 127 86
125 89 127 91
125 95 129 96
125 101 127 103
125 104 134 104
125 107 127 109
125 127 132 127
125 133 133 133
125 135 126 139
125 145 128 146
125 148 127 150
125 152 126 155
125 156 130 157
125 161 128 162
125 165 129 166
125 186 129 187
125 192 127 195
125 217 132 217
125 234 128 235
125 239 134 239
125 241 133 241
126 3 129 4
126 12 129 13
126 14 133 14
126 26 133 26
126 28 127 32
126 99 130 100
126 123 128 125
126 130 128 132
126 143 129 144
126 179 133 179
126 183 131 184
126 209 129 210
126 211 133 211
126 213 136 213
126 224 133 224
126 247 135 247
127 5 132 6
127 24 132 25
127 52 136 52
127 67 130 69
127 80 130 81
127 83 134 83
127 94 138 94
127 106 134 106
127 116 137 116
127 118 128 121
127 129 134 129
127 135 128 139
127 140 130 141
127 142 136 142
127 147 136 147
127 152 129 154
127 155 136 155
127 174 128 177
127 188 138 188
127 200 130 201
127 205 135 205
127 207 130 208
127 214 130 216
127 221 134 221
127 226 129 228
127 229 138 229
127 242 129 244
128 16 129 19
128 28 130 31
128 42 131 43
128 44 139 44
128 51 135 51
128 64 138 64
128 84 130 86
128 88 130 90
128 91 138 91
128 101 130 103
128 107 130 110
128 148 130 150
128 173 135 173
128 191 130 194
128 195 137 195
128 198 133 199
128 204 138 204
128 223 135 223
128 225 135 225
129 0 138 0
129 9 131 11
129 15 139 15
129 32 134 33
129 35 138 35
129 37 136 37
129 47 132 48
129 50 140 50
129 54 131 56
129 59 134 60
129 82 137 82
129 92 133 93
129 113 134 114
129 118 132 120
129 121 136 121
129 123 131 125
129 132 136 132
129 135 130 138
129 139 136 139
129 145 133 146
129 158 134 159
129 161 131 163
129 168 134 169
129 172 137 172
129 174 131 177
129 190 137 190
129 196 134 197
129 234 132 235
129 245 134 246
129 248 133 249
130 3 134 4
130 12 134 13
130 16 132 18
130 20 140 20
130 27 138 27
130 39 132 41
130 46 139 46
130 49 138 49
130 62 139 62
130 65 134 66
130 74 132 77
130 79 140 79
130 95 132 97
130 98 138 98
130 130 135 131
130 143 134 144
130 151 132 154
130 166 141 166
130 171 137 171
130 178 140 178
130 181 133 182
130 186 134 187
130 209 133 210
130 212 137 212
130 220 137 220
130 226 133 227
130 228 138 228
130 231 141 231
131 1 141 1
131 19 138 19
131 28 132 31
131 57 140 57
131 63 138 63
131 67 134 68
131 69 139 69
131 71 139 71
131 84 132 88
131 89 135 90
131 99 132 103
131 107 133 110
131 112 141 112
131 126 138 126
131 134 132 137
131 138 142 138
131 140 135 141
131 148 134 150
131 156 134 157
131 165 140 165
131 180 139 180
131 191 133 193
131 194 142 194
131 200 134 201
131 203 142 203
131 207 135 208
131 214 134 215
131 216 141 216
131 218 138 218
131 230 138 230
131 238 138 238
131 244 142 244
132 9 134 11
132 38 139 38
132 42 135 43
132 55 137 56
132 122 134 125
132 160 133 163
132 167 139 167
132 174 134 176
132 184 141 184
132 189 139 189
132 206 139 206
132 232 136 233
132 242 136 243
133 2 141 2
133 5 137 6
133 8 142 8
133 16 136 18
133 24 137 25
133 28 135 31
133 41 141 41
133 47 136 48
133 54 141 54
133 74 135 76
133 84 135 87
133 88 142 88
133 95 135 97
133 99 135 101
133 102 137 103
133 105 143 105
133 115 144 115
133 117 134 120
133 127 142 127
133 134 135 137
133 153 137 154
133 164 141 164
133 170 142 170
133 183 142 183
133 217 143 217
133 219 143 219
133 234 136 235
133 240 141 240
134 7 141 7
134 14 145 14
134 26 143 26
134 39 139 40
134 45 144 45
134 70 143 70
134 77 145 77
134 92 139 93
134 107 135 110
134 133 141 133
134 145 139 146
134 152 144 152
134 160 136 163
134 179 143 179
134 181 139 182
134 191 137 193
134 199 142 199
134 202 141 202
134 209 136 211
134 222 145 222
134 226 138 227
134 241 142 241
134 249 142 249
135 3 139 4
135 9 136 13
135 23 146 23
135 58 137 60
135 68 144 68
135 73 143 73
135 78 145 78
135 80 140 81
135 83 145 83
135 104 145 104
135 106 143 106
135 113 139 114
135 117 137 119
135 120 145 120
135 122 137 125
135 129 146 129
135 143 139 144
135 148 138 150
135 151 144 151
135 156 136 159
135 168 139 169
135 174 136 177
135 186 139 187
135 197 139 198
135 200 139 201
135 214 139 215
135 221 146 221
135 239 142 239
135 245 140 246
135 248 146 248
136 22 145 22
136 28 137 32
136 34 143 34
136 42 139 43
136 51 143 51
136 53 147 53
136 61 147 61
136 65 139 67
136 72 145 72
136 74 139 76
136 84 137 87
136 89 139 90
136 95 138 97
136 99 138 101
136 107 138 110
136 128 143 128
136 130 140 131
136 134 138 137
136 140 139 141
136 173 146 173
136 196 146 196
136 205 146 205
136 207 140 208
136 223 138 225
136 247 144 247
137 9 139 11
137 13 147 13
137 16 140 18
137 21 148 21
137 36 140 37
137 48 145 48
137 52 146 52
137 111 148 111
137 121 146 121
137 132 144 132
137 139 147 139
137 147 144 147
137 155 137 163
137 174 138 177
137 209 139 211
137 213 146 213
137 232 138 235
137 242 142 243
138 5 142 6
138 12 148 12
138 24 142 25
138 28 140 30
138 31 142 32
138 47 148 47
138 55 142 56
138 58 141 60
138 82 147 82
138 84 140 86
138 102 142 103
138 116 139 119
138 122 140 124
138 125 146 125
138 142 149 142
138 153 138 161
138 162 142 163
138 171 141 172
138 190 140 193
138 195 148 195
138 212 146 212
138 220 145 220
138 237 149 237
139 0 148 0
139 19 146 19
139 27 148 27
139 49 147 49
139 63 142 64
139 87 150 87
139 98 142 100
139 101 148 101
139 107 141 109
139 126 150 126
139 134 141 136
139 137 146 137
139 148 142 149
139 156 141 159
139 160 142 161
139 174 140 177
139 185 150 185
139 188 147 188
139 204 148 204
139 218 147 218
139 223 140 226
139 227 141 229
139 230 147 230
139 232 140 235
139 236 148 236
140 3 143 4
140 9 142 11
140 15 147 15
140 39 145 40
140 42 142 44
140 46 151 46
140 62 148 62
140 65 142 67
140 69 149 69
140 74 142 76
140 89 140 97
140 113 145 114
140 116 142 119
140 140 143 141
140 143 142 145
140 146 151 146
140 153 143 155
140 167 143 169
140 180 142 182
140 187 150 187
140 197 144 198
140 200 143 201
140 206 147 206
140 209 142 211
140 214 144 215
141 16 143 18
141 20 152 20
141 28 144 30
141 35 143 38
141 57 148 57
141 79 144 81
141 84 143 86
141 89 141 97
141 122 143 124
141 131 151 131
141 165 148 165
141 174 142 178
141 186 148 186
141 189 142 192
141 193 149 193
141 207 146 208
141 223 143 225
141 232 143 234
141 235 150 235
141 245 146 246
142 1 145 2
142 7 151 7
142 33 153 33
142 41 151 41
142 50 153 50
142 54 149 54
142 58 144 60
142 89 143 93
142 94 143 97
142 107 144 110
142 112 150 112
142 130 151 130
142 133 144 136
142 156 143 159
142 166 152 166
142 171 146 172
142 184 149 184
142 202 151 202
142 216 152 216
142 226 144 229
143 6 152 6
143 8 145 10
143 11 150 11
143 24 148 25
143 31 146 32
143 42 145 44
143 55 148 56
143 63 145 65
143 66 146 67
143 74 145 76
143 88 150 88
143 98 146 100
143 102 146 103
143 116 146 118
143 119 153 119
143 127 153 127
143 138 151 138
143 143 145 145
143 148 145 150
143 160 144 164
143 174 144 177
143 178 151 178
143 180 144 183
143 189 145 191
143 192 153 192
143 194 150 194
143 203 153 203
143 210 147 211
143 238 144 241
143 242 145 244
144 3 147 4
144 16 146 18
144 26 151 26
144 34 145 37
144 38 154 38
144 70 148 71
144 73 154 73
144 84 147 85
144 86 151 86
144 92 145 97
144 105 147 106
144 122 147 124
144 128 155 128
144 140 147 141
144 153 145 158
144 159 155 159
144 167 146 169
144 199 147 200
144 201 154 201
144 209 154 209
144 217 151 217
144 219 155 219
144 223 146 225
144 232 147 234
144 249 155 249
145 5 156 5
145 28 147 30
145 45 154 45
145 58 147 60
145 68 152 68
145 79 149 80
145 81 155 81
145 89 148 91
145 107 146 110
145 132 146 136
145 147 153 147
145 151 149 152
145 160 146 164
145 174 147 176
145 177 153 177
145 179 146 182
145 183 153 183
145 197 150 198
145 214 149 215
145 226 147 229
145 238 147 240
145 241 152 241
145 247 155 247
146 1 149 2
146 10 153 10
146 14 153 14
146 22 153 22
146 34 148 36
146 37 155 37
146 39 151 40
146 42 149 44
146 48 155 48
146 63 148 65
146 72 155 72
146 74 147 78
146 83 153 83
146 92 147 96
146 97 153 97
146 104 154 104
146 113 150 114
146 143 148 145
146 148 149 150
146 155 148 158
146 189 148 191
146 220 156 220
146 222 154 222
147 8 152 9
147 19 156 19
147 23 154 23
147 31 151 32
147 51 152 52
147 66 152 67
147 98 149 100
147 102 151 103
147 107 149 109
147 115 150 117
147 118 156 118
147 120 151 121
147 125 156 125
147 132 148 136
147 137 156 137
147 153 150 154
147 160 148 163
147 164 155 164
147 168 149 171
147 172 152 173
147 179 148 182
147 196 154 196
147 207 152 208
147 221 154 221
147 223 149 225
147 245 151 246
147 248 154 248
148 3 151 4
148 13 156 13
148 15 150 17
148 18 159 18
148 28 152 29
148 30 157 30
148 49 158 49
148 53 156 53
148 58 150 61
148 76 151 78
148 82 156 82
148 84 151 85
148 92 149 96
148 106 155 106
148 110 159 110
148 122 150 124
148 129 159 129
148 139 151 141
148 167 157 167
148 174 150 176
148 188 155 188
148 199 153 200
148 205 153 206
148 210 150 212
148 218 155 218
148 226 149 229
148 230 149 233
148 234 155 234
148 238 150 240
148 242 151 243
149 0 156 0
149 12 156 12
149 21 157 21
149 24 153 25
149 27 158 27
149 34 151 36
149 47 158 47
149 55 152 57
149 62 150 65
149 70 154 71
149 74 154 75
149 89 151 91
149 101 157 101
149 105 160 105
149 111 157 111
149 132 150 135
149 136 157 136
149 143 151 145
149 155 151 158
149 160 150 163
149 165 159 165
149 179 150 182
149 189 152 190
149 195 157 195
149 204 157 204
150 1 155 2
150 42 153 44
150 69 159 69
150 79 154 80
150 92 151 96
150 98 153 100
150 107 152 109
150 142 157 142
150 148 152 151
150 152 157 152
150 168 151 171
150 184 161 184
150 191 161 191
150 193 157 193
150 214 155 215
150 223 150 230
150 231 152 233
150 237 161 237
150 244 161 244
151 11 158 11
151 15 153 17
151 54 162 54
151 58 152 61
151 62 153 64
151 65 161 65
151 87 154 88
151 112 152 115
151 116 155 117
151 122 153 124
151 126 161 126
151 132 153 135
151 153 155 154
151 160 152 163
151 174 153 176
151 179 153 182
151 185 153 187
151 194 158 194
151 197 154 198
151 210 153 212
151 213 162 213
151 223 151 230
151 235 156 236
151 238 155 239
151 240 159 240
152 3 156 4
152 7 159 7
152 26 160 26
152 31 155 32
152 34 155 36
152 39 156 40
152 46 161 46
152 77 157 78
152 84 155 86
152 89 153 92
152 93 154 95
152 96 163 96
152 102 157 103
152 120 157 121
152 130 156 131
152 138 153 141
152 143 153 146
152 155 154 158
152 168 154 171
152 178 160 178
152 202 161 202
152 217 162 217
152 223 153 227
152 228 155 230
152 242 155 243
152 245 156 246
153 6 160 6
153 8 157 9
153 28 157 29
153 41 164 41
153 51 157 52
153 55 154 59
153 61 162 61
153 66 155 68
153 76 161 76
153 107 155 109
153 112 155 114
153 115 162 115
153 148 154 151
153 160 154 163
153 166 160 166
153 172 157 173
153 189 158 190
153 207 157 208
153 216 161 216
153 231 156 232
153 233 162 233
153 241 162 241
154 10 163 10
154 14 155 17
154 22 161 22
154 24 157 25
154 33 161 33
154 42 157 43
154 44 162 44
154 50 162 50
154 60 163 60
154 62 157 64
154 83 162 83
154 89 156 91
154 92 164 92
154 97 155 100
154 119 163 119
154 122 156 124
154 127 161 127
154 132 155 135
154 138 156 141
154 143 155 146
154 147 162 147
154 174 155 177
154 179 155 183
154 185 156 187
154 192 164 192
154 199 157 200
154 203 163 203
154 205 157 206
154 210 157 212
154 223 155 226
154 227 163 227
155 23 162 23
155 38 162 38
155 45 163 45
155 55 156 59
155 70 159 71
155 73 157 75
155 79 158 80
155 87 158 88
155 93 159 94
155 95 164 95
155 104 163 104
155 148 156 151
155 155 157 157
155 160 156 163
155 168 156 171
155 196 158 198
155 209 166 209
155 221 159 222
155 248 166 248
156 2 166 2
156 16 160 17
156 31 161 32
156 34 158 37
156 66 158 68
156 72 163 72
156 81 164 81
156 84 159 86
156 97 158 99
156 100 163 100
156 106 157 109
156 112 158 114
156 116 161 117
156 128 164 128
156 132 158 134
156 143 158 146
156 153 159 154
156 159 163 159
156 174 158 176
156 177 163 177
156 179 157 182
156 183 167 183
156 188 164 188
156 201 167 201
156 214 160 215
156 218 160 219
156 223 157 226
156 228 158 230
156 234 163 234
156 238 160 239
156 243 167 243
156 247 167 247
156 249 163 249
157 1 165 1
157 3 160 5
157 12 159 15
157 39 161 40
157 53 166 53
157 55 158 59
157 82 168 82
157 91 168 91
157 118 168 118
157 122 160 124
157 125 164 125
157 130 160 131
157 137 159 139
157 148 158 151
157 158 168 158
157 160 158 164
157 168 158 171
157 187 164 187
157 220 165 220
157 231 160 232
157 235 160 236
157 242 166 242
157 246 164 246
158 8 163 9
158 19 160 21
158 24 161 25
158 28 161 30
158 43 169 43
158 51 162 52
158 62 160 64
158 73 162 74
158 75 166 75
158 77 161 78
158 89 162 90
158 103 166 103
158 106 159 109
158 111 169 111
158 120 162 121
158 135 162 136
158 140 160 142
158 152 166 152
158 155 160 157
158 167 165 167
158 172 161 173
158 179 159 182
158 195 166 195
158 199 163 200
158 204 159 208
158 210 160 212
158 223 160 226
159 11 168 11
159 27 166 27
159 34 161 37
159 47 161 49
159 55 160 59
159 66 161 68
159 79 162 80
159 87 164 88
159 97 163 98
159 99 168 99
159 101 163 102
159 112 162 114
159 132 162 134
159 143 161 145
159 146 168 146
159 148 161 150
159 151 167 151
159 160 160 164
159 168 161 170
159 174 161 176
159 185 164 186
159 189 162 190
159 193 162 194
159 196 161 198
159 228 161 230
160 0 171 0
160 7 168 7
160 12 162 14
160 15 167 15
160 42 171 42
160 69 163 71
160 84 163 86
160 93 163 94
160 106 161 109
160 110 169 110
160 129 171 129
160 137 162 139
160 153 164 154
160 165 167 165
160 179 162 182
160 204 161 208
160 221 163 222
160 240 171 240
161 3 163 5
161 6 170 6
161 16 162 19
161 20 166 21
161 26 170 26
161 55 163 57
161 58 166 59
161 62 164 64
161 105 170 105
161 122 163 124
161 130 165 131
161 140 163 142
161 156 165 157
161 160 163 162
161 163 165 164
161 166 168 166
161 171 172 171
161 178 168 178
161 210 163 212
161 214 164 215
161 218 165 219
161 223 162 226
161 231 165 232
161 235 164 236
161 238 165 239
161 245 172 245
162 22 169 22
162 24 166 25
162 28 162 37
162 39 165 40
162 46 164 48
162 65 164 67
162 68 173 68
162 76 164 78
162 106 163 109
162 117 172 117
162 126 165 127
162 143 165 144
162 145 170 145
162 149 166 150
162 155 169 155
162 168 165 170
162 174 165 176
162 191 169 191
162 196 165 198
162 202 169 202
162 204 163 208
162 216 172 216
162 228 164 230
162 237 172 237
162 244 169 244
163 12 165 14
163 16 165 18
163 19 173 19
163 28 163 37
163 38 171 38
163 44 173 44
163 49 166 51
163 52 170 52
163 54 171 54
163 61 171 61
163 73 167 74
163 79 166 80
163 90 173 90
163 112 165 114
163 116 174 116
163 120 166 121
163 132 164 137
163 138 168 139
163 147 167 148
163 172 167 173
163 179 164 182
163 184 174 184
163 189 166 190
163 193 168 194
163 213 170 213
163 217 170 217
163 223 165 225
163 226 173 226
163 241 172 241
164 3 167 5
164 8 168 9
164 28 164 35
164 36 169 37
164 45 173 45
164 55 166 57
164 60 173 60
164 69 166 71
164 72 172 72
164 83 166 85
164 86 175 86
164 89 172 89
164 93 169 94
164 96 166 98
164 100 167 102
164 104 171 104
164 106 166 109
164 115 172 115
164 122 166 124
164 142 171 142
164 159 166 161
164 162 172 162
164 177 174 177
164 199 167 200
164 203 165 207
164 210 166 212
164 221 168 222
164 227 171 227
164 233 169 234
164 249 172 249
165 28 166 32
165 33 168 35
165 48 174 48
165 62 167 64
165 65 169 66
165 76 168 78
165 81 174 81
165 87 169 88
165 92 173 92
165 95 172 95
165 119 176 119
165 125 174 125
165 128 174 128
165 137 173 137
165 141 174 141
165 153 168 154
165 179 167 182
165 185 166 188
165 214 169 215
165 228 168 230
165 235 169 236
165 246 175 246
166 1 176 1
166 10 177 10
166 12 168 14
166 16 168 18
166 23 177 23
166 39 168 41
166 46 171 47
166 112 168 114
166 126 170 127
166 135 171 136
166 143 169 144
166 156 169 157
166 163 169 164
166 167 168 170
166 174 169 176
166 197 170 198
166 203 167 207
166 218 169 220
166 223 169 225
166 231 170 232
166 238 170 239
167 20 172 21
167 25 175 25
167 27 168 31
167 49 169 51
167 53 176 53
167 55 168 59
167 69 169 71
167 75 178 75
167 79 172 80
167 83 169 85
167 96 170 98
167 103 175 103
167 106 169 109
167 120 169 123
167 132 171 133
167 134 175 134
167 149 172 150
167 152 177 152
167 159 169 161
167 185 168 189
167 190 174 190
167 196 178 196
167 208 168 212
167 242 174 242
167 248 177 248
168 2 169 5
168 15 176 15
168 24 177 24
168 32 179 32
168 62 171 63
168 64 177 64
168 73 172 74
168 100 171 102
168 131 178 131
168 147 171 148
168 151 175 151
168 165 176 165
168 172 171 173
168 182 172 183
168 195 179 195
168 199 172 200
168 201 177 201
168 203 170 206
168 207 176 207
168 243 176 243
169 7 172 9
169 11 172 13
169 16 171 18
169 27 170 31
169 33 172 35
169 39 172 41
169 55 171 58
169 59 177 59
169 76 172 77
169 78 176 78
169 82 179 82
169 91 176 91
169 99 177 99
169 112 171 114
169 118 176 118
169 130 176 130
169 138 173 139
169 146 177 146
169 153 174 154
169 158 178 158
169 166 170 170
169 178 171 180
169 181 179 181
169 185 170 189
169 192 171 194
169 208 171 211
169 212 179 212
169 221 173 222
169 228 172 230
169 247 180 247
170 2 173 4
170 22 179 22
170 36 173 37
170 43 179 43
170 49 172 51
170 65 173 66
170 69 172 71
170 83 173 85
170 87 173 88
170 93 174 94
170 106 171 111
170 120 171 123
170 124 181 124
170 143 173 144
170 155 172 157
170 159 173 160
170 163 174 164
170 175 175 176
170 191 178 191
170 202 177 202
170 214 173 215
170 218 172 220
170 223 172 225
170 233 172 236
170 244 177 244
171 5 174 6
171 14 182 14
171 26 172 30
171 31 180 31
171 52 179 52
171 96 173 98
171 105 182 105
171 126 174 127
171 145 179 145
171 166 172 170
171 174 182 174
171 185 173 187
171 188 174 189
171 197 174 198
171 203 173 206
171 213 180 213
171 217 180 217
171 231 174 232
171 238 176 239
172 0 180 0
172 16 175 17
172 18 179 18
172 38 182 38
172 42 179 42
172 46 176 47
172 54 173 57
172 58 179 58
172 63 180 63
172 100 174 102
172 104 180 104
172 106 172 113
172 114 181 114
172 120 173 123
172 129 181 129
172 132 176 133
172 135 175 136
172 142 182 142
172 147 177 148
172 161 183 161
172 172 176 173
172 178 174 180
172 193 176 194
172 208 173 211
172 240 179 240
173 7 175 9
173 11 176 13
173 20 178 21
173 26 174 30
173 33 175 35
173 39 177 40
173 41 182 41
173 49 175 51
173 61 177 62
173 69 174 73
173 74 180 74
173 76 178 77
173 80 183 80
173 89 180 89
173 95 180 95
173 106 174 111
173 112 177 113
173 115 180 115
173 117 181 117
173 149 176 150
173 155 175 157
173 162 180 162
173 166 174 170
173 171 180 171
173 182 178 183
173 192 184 192
173 199 177 200
173 216 180 216
173 218 176 220
173 223 177 224
173 227 175 230
173 233 174 236
173 237 184 237
173 245 183 245
173 249 182 249
174 2 177 4
174 19 182 19
174 36 177 37
174 44 177 45
174 54 176 56
174 57 182 57
174 60 181 60
174 65 176 68
174 79 185 79
174 83 176 85
174 87 179 88
174 90 181 90
174 92 182 92
174 96 176 98
174 121 177 123
174 137 175 140
174 143 178 144
174 159 179 160
174 185 176 187
174 203 177 205
174 206 184 206
174 208 175 211
174 214 178 215
174 221 177 222
174 226 183 226
175 5 180 6
175 26 176 30
175 69 176 73
175 81 183 81
175 93 179 94
175 100 178 101
175 102 184 102
175 106 176 110
175 111 185 111
175 116 182 116
175 120 183 120
175 127 179 128
175 141 185 141
175 154 183 154
175 163 179 164
175 166 177 168
175 177 177 180
175 184 186 184
175 189 179 190
175 197 178 198
175 231 176 234
175 235 179 236
175 241 179 242
176 7 178 9
176 34 180 35
176 48 177 51
176 86 185 86
176 103 186 103
176 125 179 126
176 134 177 138
176 139 181 140
176 151 183 151
176 155 179 157
176 175 179 176
176 188 187 188
176 208 178 210
176 227 179 229
176 230 185 230
176 246 185 246
177 11 179 13
177 25 178 29
177 30 184 30
177 33 186 33
177 46 180 47
177 53 179 56
177 65 177 72
177 73 184 73
177 78 186 78
177 83 179 85
177 91 186 91
177 96 179 98
177 107 179 110
177 118 180 119
177 130 184 130
177 149 181 150
177 165 184 165
177 169 182 170
177 172 182 173
177 185 179 187
177 193 182 194
177 207 188 207
177 218 179 220
177 231 179 234
177 238 181 239
177 243 185 243
178 1 179 4
178 10 185 10
178 16 183 17
178 23 183 24
178 36 182 37
178 39 182 40
178 45 188 45
178 59 189 59
178 61 182 62
178 64 179 69
178 70 180 72
178 99 188 99
178 106 185 106
178 112 182 113
178 121 180 123
178 132 179 136
178 137 181 138
178 146 180 148
178 153 189 153
178 166 180 168
178 177 180 179
178 180 185 180
178 199 179 204
178 205 187 205
178 221 179 224
178 248 187 248
179 7 183 8
179 15 187 15
179 20 184 21
179 25 180 28
179 29 189 29
179 44 189 44
179 75 182 76
179 77 187 77
179 100 183 101
179 131 188 131
179 143 182 144
179 152 186 152
179 182 184 183
179 191 187 191
179 196 182 198
179 208 181 210
179 211 190 211
179 214 183 215
180 1 182 4
180 9 191 9
180 11 183 12
180 13 188 13
180 18 187 18
180 22 191 22
180 32 191 32
180 42 184 43
180 48 181 52
180 53 182 56
180 58 187 58
180 64 181 67
180 69 190 69
180 82 181 85
180 87 184 88
180 93 184 94
180 96 182 98
180 107 182 109
180 110 187 110
180 125 181 128
180 133 182 136
180 145 188 145
180 155 181 160
180 163 183 164
180 176 190 176
180 181 190 181
180 185 182 187
180 189 185 190
180 195 187 195
180 199 182 202
180 203 184 204
180 212 191 212
180 218 180 225
180 227 183 229
180 231 181 236
180 240 182 242
181 0 191 0
181 5 184 6
181 25 182 28
181 31 190 31
181 34 186 35
181 46 186 47
181 63 189 63
181 70 184 72
181 74 189 74
181 89 188 89
181 104 190 104
181 115 188 115
181 118 186 119
181 121 184 122
181 123 188 123
181 146 183 148
181 162 189 162
181 166 184 167
181 168 188 168
181 171 188 171
181 178 185 179
181 213 190 213
181 216 182 221
181 222 183 225
181 244 192 244
181 247 189 247
182 64 183 68
182 82 184 85
182 90 192 90
182 114 193 114
182 117 191 117
182 124 184 126
182 127 185 129
182 137 184 139
182 140 192 140
182 149 187 150
182 155 183 160
182 175 193 175
182 177 190 177
182 209 186 210
182 231 184 234
182 235 187 236
182 238 186 239
183 1 184 4
183 14 191 14
183 19 191 19
183 27 188 28
183 36 184 40
183 48 183 57
183 62 193 62
183 75 187 76
183 92 192 92
183 95 185 98
183 105 190 105
183 107 186 109
183 112 187 113
183 116 190 116
183 134 186 136
183 142 186 144
183 170 191 170
183 172 185 174
183 185 186 187
183 193 186 194
183 196 184 200
183 201 188 202
183 208 192 208
183 216 184 219
183 220 187 221
183 240 185 242
183 249 192 249
184 8 191 8
184 11 187 12
184 16 187 17
184 48 184 56
184 60 189 61
184 64 186 67
184 80 188 81
184 100 188 101
184 120 195 120
184 133 195 133
184 146 186 148
184 151 191 151
184 154 184 161
184 163 188 164
184 169 194 169
184 214 188 215
184 223 185 228
184 245 193 245
185 1 186 4
185 5 187 7
185 20 188 21
185 30 193 30
185 36 185 43
185 48 186 53
185 54 187 57
185 70 188 72
185 73 194 73
185 82 187 84
185 85 193 85
185 88 194 88
185 93 188 94
185 102 192 102
185 121 189 122
185 124 188 125
185 126 193 126
185 130 194 130
185 132 194 132
185 137 187 139
185 154 186 159
185 160 188 161
185 165 188 167
185 182 188 183
185 192 194 192
185 196 186 199
185 200 193 200
185 203 188 204
185 206 192 206
185 216 186 219
185 231 187 234
185 237 195 237
186 10 197 10
186 23 189 24
186 36 187 40
186 41 189 43
186 79 193 79
186 87 196 87
186 95 188 98
186 106 193 106
186 127 188 129
186 172 189 174
186 178 189 180
186 189 190 190
186 225 187 230
186 240 188 243
186 246 196 246
187 25 192 26
187 33 190 34
187 35 194 35
187 46 188 50
187 51 189 53
187 64 188 68
187 78 194 78
187 86 195 86
187 91 196 91
187 103 196 103
187 107 190 109
187 118 190 119
187 141 189 143
187 144 198 144
187 146 189 148
187 152 194 152
187 154 188 157
187 158 191 159
187 184 189 186
187 187 197 187
187 196 189 198
187 209 191 210
187 216 189 219
187 222 189 224
187 238 190 239
188 4 190 7
188 15 190 18
188 36 189 40
188 54 189 58
188 75 190 77
188 82 191 83
188 111 191 113
188 134 189 139
188 150 197 150
188 188 196 188
188 194 193 195
188 205 196 205
188 220 192 221
188 225 188 232
188 233 189 236
188 248 195 248
189 3 199 3
189 12 193 13
189 20 193 21
189 27 192 28
189 45 190 48
189 49 193 50
189 64 190 67
189 71 193 72
189 81 197 81
189 89 199 89
189 93 190 96
189 97 190 101
189 115 197 115
189 123 191 125
189 127 191 129
189 131 197 131
189 145 198 145
189 149 196 149
189 154 190 157
189 160 193 161
189 163 190 168
189 171 197 171
189 182 193 183
189 193 198 193
189 201 191 204
189 207 198 207
189 214 194 215
189 225 189 232
189 240 191 243
190 2 199 2
190 11 199 11
190 23 194 24
190 29 197 29
190 36 191 41
190 42 193 44
190 51 191 54
190 58 192 61
190 63 197 63
190 70 198 70
190 80 199 80
190 121 193 122
190 134 191 139
190 141 192 143
190 146 192 148
190 153 199 153
190 172 194 173
190 174 197 174
190 178 193 180
190 184 192 186
190 196 191 199
190 216 192 219
190 222 190 232
190 233 192 236
190 247 197 247
191 4 192 7
191 15 193 17
191 33 194 34
191 45 193 48
191 55 193 57
191 64 192 67
191 68 195 69
191 74 193 77
191 95 192 100
191 101 199 101
191 107 194 109
191 116 198 116
191 118 194 119
191 154 193 156
191 162 192 165
191 167 195 168
191 176 195 177
191 181 198 181
191 189 194 190
191 213 199 213
191 222 191 232
191 238 196 239
192 0 196 1
192 8 196 9
192 18 196 19
192 22 199 22
192 31 195 32
192 36 193 41
192 51 193 54
192 82 194 84
192 93 195 94
192 110 194 113
192 123 194 125
192 127 194 129
192 134 194 137
192 138 196 139
192 151 199 151
192 157 194 159
192 170 199 170
192 196 194 199
192 201 194 203
192 209 193 212
192 222 192 229
192 230 194 232
192 240 193 243
193 4 195 7
193 25 194 28
193 58 194 61
193 64 194 67
193 95 194 99
193 140 195 142
193 146 195 148
193 162 194 166
193 184 195 186
193 216 193 223
193 224 194 229
193 233 195 236
194 12 195 16
194 20 198 21
194 40 194 51
194 52 195 55
194 56 198 57
194 71 197 72
194 74 196 76
194 104 196 106
194 121 197 122
194 154 197 156
194 160 199 161
194 178 196 180
194 182 199 183
194 194 197 195
194 208 196 210
194 211 199 212
194 216 195 221
194 222 198 223
194 240 195 243
194 244 198 245
195 23 196 27
195 33 195 42
195 43 195 51
195 58 197 61
195 64 197 67
195 77 198 79
195 84 199 85
195 95 196 100
195 107 196 112
195 113 198 114
195 118 199 119
195 125 196 130
195 134 197 136
195 157 198 158
195 163 197 166
195 189 196 192
195 196 195 204
195 214 198 215
195 224 196 228
195 229 197 231
196 4 199 5
196 12 198 14
196 30 196 39
196 40 196 50
196 51 197 54
196 68 199 69
196 92 199 94
196 140 198 142
196 146 199 148
196 167 199 168
196 175 198 177
196 184 198 186
196 198 197 203
196 216 197 220
196 232 197 235
196 240 198 242
196 248 199 249
197 6 198 9
197 23 199 26
197 33 197 44
197 45 198 49
197 73 199 75
197 102 197 109
197 123 198 128
197 178 199 180
197 188 198 191
197 224 198 227
197 236 199 239
198 27 198 34
198 35 199 39
198 58 199 61
198 62 199 67
198 102 198 110
198 129 199 133
198 162 199 165
198 194 198 201
198 202 199 205
198 216 199 219
198 229 199 234
199 12 199 20
199 41 199 52
199 102 199 111
199 134 199 145
199 186 199 197
199 220 199 227
